Comparing Au50RDCo20RDCSS2min.0.xyz with Au50RDCo20RDCSS2min.17000.xyz...
	eucRMSD: 0.03576
	boxCntDimDiff: 2.484211 - 2.483231 = 0.000981
	2-sample Kolmogorov-Smirnov test statistic: 0.00751; p-value: 0.697060
	Kruskal-Wallis H-test statistic: 0.00348; p-value: 0.952976
	Mutual information : 0.870
Comparing Au50RDCo20RDCSS2min.17000.xyz with Au50RDCo20RDCSS2min.34000.xyz...
	eucRMSD: 0.08000
	boxCntDimDiff: 2.483231 - 2.481371 = 0.001860
	2-sample Kolmogorov-Smirnov test statistic: 0.01014; p-value: 0.320184
	Kruskal-Wallis H-test statistic: 0.00279; p-value: 0.957871
	Mutual information : 0.712
Comparing Au50RDCo20RDCSS2min.34000.xyz with Au50RDCo20RDCSS2min.51000.xyz...
	eucRMSD: 0.08347
	boxCntDimDiff: 2.481371 - 2.491517 = 0.010146
	2-sample Kolmogorov-Smirnov test statistic: 0.05217; p-value: 0.000000
	Kruskal-Wallis H-test statistic: 64.71937; p-value: 0.000000
	Mutual information : 0.726
Comparing Au50RDCo20RDCSS2min.51000.xyz with Au50RDCo20RDCSS2min.68000.xyz...
	eucRMSD: 0.11141
	boxCntDimDiff: 2.491517 - 2.478515 = 0.013002
	2-sample Kolmogorov-Smirnov test statistic: 0.04627; p-value: 0.000000
	Kruskal-Wallis H-test statistic: 53.38892; p-value: 0.000000
	Mutual information : 0.706
Comparing Au50RDCo20RDCSS2min.68000.xyz with Au50RDCo20RDCSS2min.85000.xyz...
	eucRMSD: 0.07386
	boxCntDimDiff: 2.478515 - 2.481092 = 0.002577
	2-sample Kolmogorov-Smirnov test statistic: 0.00919; p-value: 0.443044
	Kruskal-Wallis H-test statistic: 0.52758; p-value: 0.467626
	Mutual information : 0.694
Comparing Au50RDCo20RDCSS2min.85000.xyz with Au50RDCo20RDCSS2min.102000.xyz...
	eucRMSD: 0.18970
	boxCntDimDiff: 2.481092 - 2.483514 = 0.002422
	2-sample Kolmogorov-Smirnov test statistic: 0.01189; p-value: 0.162274
	Kruskal-Wallis H-test statistic: 0.42327; p-value: 0.515312
	Mutual information : 0.685
Comparing Au50RDCo20RDCSS2min.102000.xyz with Au50RDCo20RDCSS2min.119000.xyz...
	eucRMSD: 0.25867
	boxCntDimDiff: 2.483514 - 2.475397 = 0.008117
	2-sample Kolmogorov-Smirnov test statistic: 0.01981; p-value: 0.002041
	Kruskal-Wallis H-test statistic: 6.35105; p-value: 0.011731
	Mutual information : 0.697
Comparing Au50RDCo20RDCSS2min.119000.xyz with Au50RDCo20RDCSS2min.136000.xyz...
	eucRMSD: 0.24745
	boxCntDimDiff: 2.475397 - 2.479561 = 0.004164
	2-sample Kolmogorov-Smirnov test statistic: 0.05311; p-value: 0.000000
	Kruskal-Wallis H-test statistic: 48.51890; p-value: 0.000000
	Mutual information : 0.693
Comparing Au50RDCo20RDCSS2min.136000.xyz with Au50RDCo20RDCSS2min.153000.xyz...
	eucRMSD: 0.23608
	boxCntDimDiff: 2.479561 - 2.477006 = 0.002555
	2-sample Kolmogorov-Smirnov test statistic: 0.01236; p-value: 0.145385
	Kruskal-Wallis H-test statistic: 0.39545; p-value: 0.529446
	Mutual information : 0.695
Comparing Au50RDCo20RDCSS2min.153000.xyz with Au50RDCo20RDCSS2min.170000.xyz...
	eucRMSD: 0.18040
	boxCntDimDiff: 2.477006 - 2.484138 = 0.007131
	2-sample Kolmogorov-Smirnov test statistic: 0.05397; p-value: 0.000000
	Kruskal-Wallis H-test statistic: 60.92395; p-value: 0.000000
	Mutual information : 0.684
Comparing Au50RDCo20RDCSS2min.170000.xyz with Au50RDCo20RDCSS2min.187000.xyz...
	eucRMSD: 0.25275
	boxCntDimDiff: 2.484138 - 2.490442 = 0.006304
	2-sample Kolmogorov-Smirnov test statistic: 0.01252; p-value: 0.139626
	Kruskal-Wallis H-test statistic: 2.03833; p-value: 0.153378
	Mutual information : 0.681
Comparing Au50RDCo20RDCSS2min.187000.xyz with Au50RDCo20RDCSS2min.204000.xyz...
	eucRMSD: 0.36078
	boxCntDimDiff: 2.490442 - 2.494564 = 0.004122
	2-sample Kolmogorov-Smirnov test statistic: 0.01325; p-value: 0.104735
	Kruskal-Wallis H-test statistic: 0.27471; p-value: 0.600193
	Mutual information : 0.683
Comparing Au50RDCo20RDCSS2min.204000.xyz with Au50RDCo20RDCSS2min.221000.xyz...
	eucRMSD: 0.43487
	boxCntDimDiff: 2.494564 - 2.497612 = 0.003048
	2-sample Kolmogorov-Smirnov test statistic: 0.05762; p-value: 0.000000
	Kruskal-Wallis H-test statistic: 62.27499; p-value: 0.000000
	Mutual information : 0.689
Comparing Au50RDCo20RDCSS2min.221000.xyz with Au50RDCo20RDCSS2min.238000.xyz...
	eucRMSD: 0.42130
	boxCntDimDiff: 2.497612 - 2.485817 = 0.011795
	2-sample Kolmogorov-Smirnov test statistic: 0.03832; p-value: 0.000000
	Kruskal-Wallis H-test statistic: 26.26223; p-value: 0.000000
	Mutual information : 0.677
Comparing Au50RDCo20RDCSS2min.238000.xyz with Au50RDCo20RDCSS2min.255000.xyz...
	eucRMSD: 0.36689
	boxCntDimDiff: 2.485817 - 2.466127 = 0.019690
	2-sample Kolmogorov-Smirnov test statistic: 0.03359; p-value: 0.000000
	Kruskal-Wallis H-test statistic: 29.86147; p-value: 0.000000
	Mutual information : 0.674
Comparing Au50RDCo20RDCSS2min.255000.xyz with Au50RDCo20RDCSS2min.272000.xyz...
	eucRMSD: 0.38196
	boxCntDimDiff: 2.466127 - 2.479360 = 0.013233
	2-sample Kolmogorov-Smirnov test statistic: 0.01775; p-value: 0.010763
	Kruskal-Wallis H-test statistic: 3.97803; p-value: 0.046097
	Mutual information : 0.683
Comparing Au50RDCo20RDCSS2min.272000.xyz with Au50RDCo20RDCSS2min.289000.xyz...
	eucRMSD: 0.49448
	boxCntDimDiff: 2.479360 - 2.476133 = 0.003227
	2-sample Kolmogorov-Smirnov test statistic: 0.05931; p-value: 0.000000
	Kruskal-Wallis H-test statistic: 67.36531; p-value: 0.000000
	Mutual information : 0.686
Comparing Au50RDCo20RDCSS2min.289000.xyz with Au50RDCo20RDCSS2min.306000.xyz...
	eucRMSD: 0.60226
	boxCntDimDiff: 2.476133 - 2.475841 = 0.000291
	2-sample Kolmogorov-Smirnov test statistic: 0.03001; p-value: 0.000001
	Kruskal-Wallis H-test statistic: 7.21612; p-value: 0.007225
	Mutual information : 0.674
Comparing Au50RDCo20RDCSS2min.306000.xyz with Au50RDCo20RDCSS2min.323000.xyz...
	eucRMSD: 0.61831
	boxCntDimDiff: 2.475841 - 2.500561 = 0.024720
	2-sample Kolmogorov-Smirnov test statistic: 0.01769; p-value: 0.012682
	Kruskal-Wallis H-test statistic: 0.43775; p-value: 0.508210
	Mutual information : 0.666
Comparing Au50RDCo20RDCSS2min.323000.xyz with Au50RDCo20RDCSS2min.340000.xyz...
	eucRMSD: 0.55512
	boxCntDimDiff: 2.500561 - 2.495764 = 0.004797
	2-sample Kolmogorov-Smirnov test statistic: 0.06031; p-value: 0.000000
	Kruskal-Wallis H-test statistic: 55.64837; p-value: 0.000000
	Mutual information : 0.678
Comparing Au50RDCo20RDCSS2min.340000.xyz with Au50RDCo20RDCSS2min.357000.xyz...
	eucRMSD: 0.51243
	boxCntDimDiff: 2.495764 - 2.465164 = 0.030600
	2-sample Kolmogorov-Smirnov test statistic: 0.02223; p-value: 0.000673
	Kruskal-Wallis H-test statistic: 0.81461; p-value: 0.366760
	Mutual information : 0.698
Comparing Au50RDCo20RDCSS2min.357000.xyz with Au50RDCo20RDCSS2min.374000.xyz...
	eucRMSD: 0.61769
	boxCntDimDiff: 2.465164 - 2.464865 = 0.000299
	2-sample Kolmogorov-Smirnov test statistic: 0.06310; p-value: 0.000000
	Kruskal-Wallis H-test statistic: 80.84537; p-value: 0.000000
	Mutual information : 0.684
Comparing Au50RDCo20RDCSS2min.374000.xyz with Au50RDCo20RDCSS2min.391000.xyz...
	eucRMSD: 0.56459
	boxCntDimDiff: 2.464865 - 2.487796 = 0.022931
	2-sample Kolmogorov-Smirnov test statistic: 0.02587; p-value: 0.000048
	Kruskal-Wallis H-test statistic: 6.79159; p-value: 0.009159
	Mutual information : 0.658
Comparing Au50RDCo20RDCSS2min.391000.xyz with Au50RDCo20RDCSS2min.408000.xyz...
	eucRMSD: 0.60673
	boxCntDimDiff: 2.487796 - 2.467722 = 0.020074
	2-sample Kolmogorov-Smirnov test statistic: 0.05799; p-value: 0.000000
	Kruskal-Wallis H-test statistic: 71.23500; p-value: 0.000000
	Mutual information : 0.662
Comparing Au50RDCo20RDCSS2min.408000.xyz with Au50RDCo20RDCSS2min.425000.xyz...
	eucRMSD: 0.71321
	boxCntDimDiff: 2.467722 - 2.493239 = 0.025517
	2-sample Kolmogorov-Smirnov test statistic: 0.02961; p-value: 0.000002
	Kruskal-Wallis H-test statistic: 11.96853; p-value: 0.000541
	Mutual information : 0.655
Comparing Au50RDCo20RDCSS2min.425000.xyz with Au50RDCo20RDCSS2min.442000.xyz...
	eucRMSD: 0.82307
	boxCntDimDiff: 2.493239 - 2.468374 = 0.024864
	2-sample Kolmogorov-Smirnov test statistic: 0.01828; p-value: 0.009795
	Kruskal-Wallis H-test statistic: 0.01419; p-value: 0.905172
	Mutual information : 0.657
Comparing Au50RDCo20RDCSS2min.442000.xyz with Au50RDCo20RDCSS2min.459000.xyz...
	eucRMSD: 0.72264
	boxCntDimDiff: 2.468374 - 2.463071 = 0.005303
	2-sample Kolmogorov-Smirnov test statistic: 0.02246; p-value: 0.000651
	Kruskal-Wallis H-test statistic: 4.74195; p-value: 0.029436
	Mutual information : 0.657
Comparing Au50RDCo20RDCSS2min.459000.xyz with Au50RDCo20RDCSS2min.476000.xyz...
	eucRMSD: 0.72866
	boxCntDimDiff: 2.463071 - 2.434076 = 0.028995
	2-sample Kolmogorov-Smirnov test statistic: 0.03730; p-value: 0.000000
	Kruskal-Wallis H-test statistic: 34.20380; p-value: 0.000000
	Mutual information : 0.632
Comparing Au50RDCo20RDCSS2min.476000.xyz with Au50RDCo20RDCSS2min.493000.xyz...
	eucRMSD: 0.79549
	boxCntDimDiff: 2.434076 - 2.455522 = 0.021446
	2-sample Kolmogorov-Smirnov test statistic: 0.02094; p-value: 0.002151
	Kruskal-Wallis H-test statistic: 1.76144; p-value: 0.184446
	Mutual information : 0.614
Comparing Au50RDCo20RDCSS2min.493000.xyz with Au50RDCo20RDCSS2min.510000.xyz...
	eucRMSD: 0.81652
	boxCntDimDiff: 2.455522 - 2.461970 = 0.006448
	2-sample Kolmogorov-Smirnov test statistic: 0.02755; p-value: 0.000015
	Kruskal-Wallis H-test statistic: 5.15350; p-value: 0.023200
	Mutual information : 0.637
Comparing Au50RDCo20RDCSS2min.510000.xyz with Au50RDCo20RDCSS2min.527000.xyz...
	eucRMSD: 1.01080
	boxCntDimDiff: 2.461970 - 2.427260 = 0.034710
	2-sample Kolmogorov-Smirnov test statistic: 0.06883; p-value: 0.000000
	Kruskal-Wallis H-test statistic: 90.66685; p-value: 0.000000
	Mutual information : 0.603
Average duration:
  RMSD 0.000 s
  RDF 357.566 s
  BCDim 26.094044
set()
