Comparing AuPd30IC75RCS7S2min.0.xyz with AuPd30IC75RCS7S2min.18000.xyz...
	eucRMSD: 0.00078
	boxCntDimDiff: 2.214256 - 2.214751 = 0.000495
	2-sample Kolmogorov-Smirnov test statistic: 0.00269; p-value: 1.000000
	Kruskal-Wallis H-test statistic: 0.00386; p-value: 0.950460
	Mutual information : 1.333
Comparing AuPd30IC75RCS7S2min.18000.xyz with AuPd30IC75RCS7S2min.36000.xyz...
	eucRMSD: 0.00169
	boxCntDimDiff: 2.214751 - 2.215700 = 0.000949
	2-sample Kolmogorov-Smirnov test statistic: 0.00242; p-value: 1.000000
	Kruskal-Wallis H-test statistic: 0.00133; p-value: 0.970858
	Mutual information : 1.285
Comparing AuPd30IC75RCS7S2min.36000.xyz with AuPd30IC75RCS7S2min.54000.xyz...
	eucRMSD: 0.00228
	boxCntDimDiff: 2.215700 - 2.214587 = 0.001113
	2-sample Kolmogorov-Smirnov test statistic: 0.00233; p-value: 1.000000
	Kruskal-Wallis H-test statistic: 0.00013; p-value: 0.990923
	Mutual information : 1.339
Comparing AuPd30IC75RCS7S2min.54000.xyz with AuPd30IC75RCS7S2min.72000.xyz...
	eucRMSD: 0.00118
	boxCntDimDiff: 2.214587 - 2.215048 = 0.000461
	2-sample Kolmogorov-Smirnov test statistic: 0.00215; p-value: 1.000000
	Kruskal-Wallis H-test statistic: 0.00164; p-value: 0.967707
	Mutual information : 1.389
Comparing AuPd30IC75RCS7S2min.72000.xyz with AuPd30IC75RCS7S2min.90000.xyz...
	eucRMSD: 0.00078
	boxCntDimDiff: 2.215048 - 2.214060 = 0.000988
	2-sample Kolmogorov-Smirnov test statistic: 0.00260; p-value: 1.000000
	Kruskal-Wallis H-test statistic: 0.00000; p-value: 0.998770
	Mutual information : 1.402
Comparing AuPd30IC75RCS7S2min.90000.xyz with AuPd30IC75RCS7S2min.108000.xyz...
	eucRMSD: 0.00175
	boxCntDimDiff: 2.214060 - 2.214116 = 0.000056
	2-sample Kolmogorov-Smirnov test statistic: 0.00286; p-value: 1.000000
	Kruskal-Wallis H-test statistic: 0.00323; p-value: 0.954706
	Mutual information : 1.320
Comparing AuPd30IC75RCS7S2min.108000.xyz with AuPd30IC75RCS7S2min.126000.xyz...
	eucRMSD: 0.00162
	boxCntDimDiff: 2.214116 - 2.214087 = 0.000029
	2-sample Kolmogorov-Smirnov test statistic: 0.00269; p-value: 1.000000
	Kruskal-Wallis H-test statistic: 0.01979; p-value: 0.888127
	Mutual information : 1.281
Comparing AuPd30IC75RCS7S2min.126000.xyz with AuPd30IC75RCS7S2min.144000.xyz...
	eucRMSD: 0.00039
	boxCntDimDiff: 2.214087 - 2.214956 = 0.000869
	2-sample Kolmogorov-Smirnov test statistic: 0.00251; p-value: 1.000000
	Kruskal-Wallis H-test statistic: 0.00771; p-value: 0.930048
	Mutual information : 1.295
Comparing AuPd30IC75RCS7S2min.144000.xyz with AuPd30IC75RCS7S2min.162000.xyz...
	eucRMSD: 0.00076
	boxCntDimDiff: 2.214956 - 2.214901 = 0.000055
	2-sample Kolmogorov-Smirnov test statistic: 0.00260; p-value: 1.000000
	Kruskal-Wallis H-test statistic: 0.00039; p-value: 0.984148
	Mutual information : 1.478
Comparing AuPd30IC75RCS7S2min.162000.xyz with AuPd30IC75RCS7S2min.180000.xyz...
	eucRMSD: 0.00046
	boxCntDimDiff: 2.214901 - 2.212976 = 0.001925
	2-sample Kolmogorov-Smirnov test statistic: 0.00286; p-value: 1.000000
	Kruskal-Wallis H-test statistic: 0.00272; p-value: 0.958390
	Mutual information : 1.340
Comparing AuPd30IC75RCS7S2min.180000.xyz with AuPd30IC75RCS7S2min.198000.xyz...
	eucRMSD: 0.00128
	boxCntDimDiff: 2.212976 - 2.213674 = 0.000698
	2-sample Kolmogorov-Smirnov test statistic: 0.00269; p-value: 1.000000
	Kruskal-Wallis H-test statistic: 0.00205; p-value: 0.963926
	Mutual information : 1.361
Comparing AuPd30IC75RCS7S2min.198000.xyz with AuPd30IC75RCS7S2min.216000.xyz...
	eucRMSD: 0.00117
	boxCntDimDiff: 2.213674 - 2.214200 = 0.000525
	2-sample Kolmogorov-Smirnov test statistic: 0.00286; p-value: 1.000000
	Kruskal-Wallis H-test statistic: 0.00098; p-value: 0.975051
	Mutual information : 1.492
Comparing AuPd30IC75RCS7S2min.216000.xyz with AuPd30IC75RCS7S2min.234000.xyz...
	eucRMSD: 0.00116
	boxCntDimDiff: 2.214200 - 2.214468 = 0.000269
	2-sample Kolmogorov-Smirnov test statistic: 0.00295; p-value: 1.000000
	Kruskal-Wallis H-test statistic: 0.00089; p-value: 0.976206
	Mutual information : 1.468
Comparing AuPd30IC75RCS7S2min.234000.xyz with AuPd30IC75RCS7S2min.252000.xyz...
	eucRMSD: 0.00099
	boxCntDimDiff: 2.214468 - 2.213360 = 0.001108
	2-sample Kolmogorov-Smirnov test statistic: 0.00304; p-value: 1.000000
	Kruskal-Wallis H-test statistic: 0.00029; p-value: 0.986299
	Mutual information : 1.325
Comparing AuPd30IC75RCS7S2min.252000.xyz with AuPd30IC75RCS7S2min.270000.xyz...
	eucRMSD: 0.00167
	boxCntDimDiff: 2.213360 - 2.214341 = 0.000981
	2-sample Kolmogorov-Smirnov test statistic: 0.00233; p-value: 1.000000
	Kruskal-Wallis H-test statistic: 0.00332; p-value: 0.954055
	Mutual information : 1.452
Comparing AuPd30IC75RCS7S2min.270000.xyz with AuPd30IC75RCS7S2min.288000.xyz...
	eucRMSD: 0.00095
	boxCntDimDiff: 2.214341 - 2.212148 = 0.002193
	2-sample Kolmogorov-Smirnov test statistic: 0.00278; p-value: 1.000000
	Kruskal-Wallis H-test statistic: 0.01287; p-value: 0.909672
	Mutual information : 1.405
Comparing AuPd30IC75RCS7S2min.288000.xyz with AuPd30IC75RCS7S2min.306000.xyz...
	eucRMSD: 0.00061
	boxCntDimDiff: 2.212148 - 2.213636 = 0.001488
	2-sample Kolmogorov-Smirnov test statistic: 0.00385; p-value: 0.999996
	Kruskal-Wallis H-test statistic: 0.00037; p-value: 0.984618
	Mutual information : 1.259
Comparing AuPd30IC75RCS7S2min.306000.xyz with AuPd30IC75RCS7S2min.324000.xyz...
	eucRMSD: 0.00094
	boxCntDimDiff: 2.213636 - 2.212433 = 0.001203
	2-sample Kolmogorov-Smirnov test statistic: 0.00304; p-value: 1.000000
	Kruskal-Wallis H-test statistic: 0.00589; p-value: 0.938851
	Mutual information : 1.263
Comparing AuPd30IC75RCS7S2min.324000.xyz with AuPd30IC75RCS7S2min.342000.xyz...
	eucRMSD: 0.00125
	boxCntDimDiff: 2.212433 - 2.213909 = 0.001476
	2-sample Kolmogorov-Smirnov test statistic: 0.00331; p-value: 1.000000
	Kruskal-Wallis H-test statistic: 0.00004; p-value: 0.995254
	Mutual information : 1.311
Comparing AuPd30IC75RCS7S2min.342000.xyz with AuPd30IC75RCS7S2min.360000.xyz...
	eucRMSD: 0.00138
	boxCntDimDiff: 2.213909 - 2.213789 = 0.000119
	2-sample Kolmogorov-Smirnov test statistic: 0.00188; p-value: 1.000000
	Kruskal-Wallis H-test statistic: 0.00234; p-value: 0.961417
	Mutual information : 1.353
Comparing AuPd30IC75RCS7S2min.360000.xyz with AuPd30IC75RCS7S2min.378000.xyz...
	eucRMSD: 0.00210
	boxCntDimDiff: 2.213789 - 2.214408 = 0.000619
	2-sample Kolmogorov-Smirnov test statistic: 0.00322; p-value: 1.000000
	Kruskal-Wallis H-test statistic: 0.00356; p-value: 0.952397
	Mutual information : 1.487
Comparing AuPd30IC75RCS7S2min.378000.xyz with AuPd30IC75RCS7S2min.396000.xyz...
	eucRMSD: 0.00044
	boxCntDimDiff: 2.214408 - 2.214243 = 0.000165
	2-sample Kolmogorov-Smirnov test statistic: 0.00430; p-value: 0.999942
	Kruskal-Wallis H-test statistic: 0.00708; p-value: 0.932960
	Mutual information : 1.445
Comparing AuPd30IC75RCS7S2min.396000.xyz with AuPd30IC75RCS7S2min.414000.xyz...
	eucRMSD: 0.00197
	boxCntDimDiff: 2.214243 - 2.214806 = 0.000563
	2-sample Kolmogorov-Smirnov test statistic: 0.00278; p-value: 1.000000
	Kruskal-Wallis H-test statistic: 0.00732; p-value: 0.931829
	Mutual information : 1.379
Comparing AuPd30IC75RCS7S2min.414000.xyz with AuPd30IC75RCS7S2min.432000.xyz...
	eucRMSD: 0.16671
	boxCntDimDiff: 2.214806 - 2.209104 = 0.005702
	2-sample Kolmogorov-Smirnov test statistic: 0.00609; p-value: 0.984887
	Kruskal-Wallis H-test statistic: 0.07940; p-value: 0.778115
	Mutual information : 0.461
Comparing AuPd30IC75RCS7S2min.432000.xyz with AuPd30IC75RCS7S2min.450000.xyz...
	eucRMSD: 0.26264
	boxCntDimDiff: 2.209104 - 2.204288 = 0.004816
	2-sample Kolmogorov-Smirnov test statistic: 0.00815; p-value: 0.848431
	Kruskal-Wallis H-test statistic: 0.00000; p-value: 0.998324
	Mutual information : 0.492
Comparing AuPd30IC75RCS7S2min.450000.xyz with AuPd30IC75RCS7S2min.468000.xyz...
	eucRMSD: 0.28435
	boxCntDimDiff: 2.204288 - 2.196996 = 0.007292
	2-sample Kolmogorov-Smirnov test statistic: 0.01403; p-value: 0.218936
	Kruskal-Wallis H-test statistic: 0.40588; p-value: 0.524070
	Mutual information : 0.459
Comparing AuPd30IC75RCS7S2min.468000.xyz with AuPd30IC75RCS7S2min.486000.xyz...
	eucRMSD: 0.33637
	boxCntDimDiff: 2.196996 - 2.200363 = 0.003367
	2-sample Kolmogorov-Smirnov test statistic: 0.01382; p-value: 0.233515
	Kruskal-Wallis H-test statistic: 0.43677; p-value: 0.508684
	Mutual information : 0.451
Comparing AuPd30IC75RCS7S2min.486000.xyz with AuPd30IC75RCS7S2min.504000.xyz...
	eucRMSD: 0.32387
	boxCntDimDiff: 2.200363 - 2.198574 = 0.001789
	2-sample Kolmogorov-Smirnov test statistic: 0.01373; p-value: 0.240678
	Kruskal-Wallis H-test statistic: 0.41559; p-value: 0.519145
	Mutual information : 0.492
Comparing AuPd30IC75RCS7S2min.504000.xyz with AuPd30IC75RCS7S2min.522000.xyz...
	eucRMSD: 0.38972
	boxCntDimDiff: 2.198574 - 2.201480 = 0.002906
	2-sample Kolmogorov-Smirnov test statistic: 0.01122; p-value: 0.479395
	Kruskal-Wallis H-test statistic: 0.40519; p-value: 0.524421
	Mutual information : 0.508
Comparing AuPd30IC75RCS7S2min.522000.xyz with AuPd30IC75RCS7S2min.540000.xyz...
	eucRMSD: 0.33461
	boxCntDimDiff: 2.201480 - 2.195645 = 0.005835
	2-sample Kolmogorov-Smirnov test statistic: 0.02689; p-value: 0.000623
	Kruskal-Wallis H-test statistic: 1.69100; p-value: 0.193469
	Mutual information : 0.502
Comparing AuPd30IC75RCS7S2min.540000.xyz with AuPd30IC75RCS7S2min.558000.xyz...
	eucRMSD: 0.59532
	boxCntDimDiff: 2.195645 - 2.184969 = 0.010677
	2-sample Kolmogorov-Smirnov test statistic: 0.04482; p-value: 0.000000
	Kruskal-Wallis H-test statistic: 16.78644; p-value: 0.000042
	Mutual information : 0.437
Average duration:
  RMSD 0.000 s
  RDF 62.632 s
  BCDim 32.084278
set()
