Comparing CoPd40TOL12S2min.0.xyz with CoPd40TOL12S2min.17000.xyz...
	eucRMSD: 0.00020
	boxCntDimDiff: 2.624494 - 2.623684 = 0.000810
	2-sample Kolmogorov-Smirnov test statistic: 0.00142; p-value: 1.000000
	Kruskal-Wallis H-test statistic: 0.00009; p-value: 0.992277
	Mutual information : 0.898
Comparing CoPd40TOL12S2min.17000.xyz with CoPd40TOL12S2min.34000.xyz...
	eucRMSD: 0.00029
	boxCntDimDiff: 2.623684 - 2.623853 = 0.000169
	2-sample Kolmogorov-Smirnov test statistic: 0.00121; p-value: 1.000000
	Kruskal-Wallis H-test statistic: 0.00006; p-value: 0.993907
	Mutual information : 0.892
Comparing CoPd40TOL12S2min.34000.xyz with CoPd40TOL12S2min.51000.xyz...
	eucRMSD: 0.00045
	boxCntDimDiff: 2.623853 - 2.624211 = 0.000358
	2-sample Kolmogorov-Smirnov test statistic: 0.00137; p-value: 1.000000
	Kruskal-Wallis H-test statistic: 0.00215; p-value: 0.963019
	Mutual information : 0.900
Comparing CoPd40TOL12S2min.51000.xyz with CoPd40TOL12S2min.68000.xyz...
	eucRMSD: 0.00026
	boxCntDimDiff: 2.624211 - 2.625322 = 0.001111
	2-sample Kolmogorov-Smirnov test statistic: 0.00148; p-value: 1.000000
	Kruskal-Wallis H-test statistic: 0.00060; p-value: 0.980464
	Mutual information : 0.893
Comparing CoPd40TOL12S2min.68000.xyz with CoPd40TOL12S2min.85000.xyz...
	eucRMSD: 0.00034
	boxCntDimDiff: 2.625322 - 2.624121 = 0.001201
	2-sample Kolmogorov-Smirnov test statistic: 0.00159; p-value: 1.000000
	Kruskal-Wallis H-test statistic: 0.00349; p-value: 0.952896
	Mutual information : 0.897
Comparing CoPd40TOL12S2min.85000.xyz with CoPd40TOL12S2min.102000.xyz...
	eucRMSD: 0.00035
	boxCntDimDiff: 2.624121 - 2.624654 = 0.000533
	2-sample Kolmogorov-Smirnov test statistic: 0.00126; p-value: 1.000000
	Kruskal-Wallis H-test statistic: 0.00695; p-value: 0.933558
	Mutual information : 0.899
Comparing CoPd40TOL12S2min.102000.xyz with CoPd40TOL12S2min.119000.xyz...
	eucRMSD: 0.00030
	boxCntDimDiff: 2.624654 - 2.624604 = 0.000050
	2-sample Kolmogorov-Smirnov test statistic: 0.00126; p-value: 1.000000
	Kruskal-Wallis H-test statistic: 0.00024; p-value: 0.987651
	Mutual information : 0.896
Comparing CoPd40TOL12S2min.119000.xyz with CoPd40TOL12S2min.136000.xyz...
	eucRMSD: 0.00024
	boxCntDimDiff: 2.624604 - 2.625732 = 0.001128
	2-sample Kolmogorov-Smirnov test statistic: 0.00148; p-value: 1.000000
	Kruskal-Wallis H-test statistic: 0.00154; p-value: 0.968732
	Mutual information : 0.891
Comparing CoPd40TOL12S2min.136000.xyz with CoPd40TOL12S2min.153000.xyz...
	eucRMSD: 0.00015
	boxCntDimDiff: 2.625732 - 2.625006 = 0.000727
	2-sample Kolmogorov-Smirnov test statistic: 0.00115; p-value: 1.000000
	Kruskal-Wallis H-test statistic: 0.00000; p-value: 0.999773
	Mutual information : 0.892
Comparing CoPd40TOL12S2min.153000.xyz with CoPd40TOL12S2min.170000.xyz...
	eucRMSD: 0.00029
	boxCntDimDiff: 2.625006 - 2.624723 = 0.000282
	2-sample Kolmogorov-Smirnov test statistic: 0.00137; p-value: 1.000000
	Kruskal-Wallis H-test statistic: 0.00434; p-value: 0.947483
	Mutual information : 0.887
Comparing CoPd40TOL12S2min.170000.xyz with CoPd40TOL12S2min.187000.xyz...
	eucRMSD: 0.00030
	boxCntDimDiff: 2.624723 - 2.624885 = 0.000162
	2-sample Kolmogorov-Smirnov test statistic: 0.00131; p-value: 1.000000
	Kruskal-Wallis H-test statistic: 0.00020; p-value: 0.988743
	Mutual information : 0.893
Comparing CoPd40TOL12S2min.187000.xyz with CoPd40TOL12S2min.204000.xyz...
	eucRMSD: 0.00051
	boxCntDimDiff: 2.624885 - 2.625442 = 0.000556
	2-sample Kolmogorov-Smirnov test statistic: 0.00170; p-value: 1.000000
	Kruskal-Wallis H-test statistic: 0.00007; p-value: 0.993309
	Mutual information : 0.876
Comparing CoPd40TOL12S2min.204000.xyz with CoPd40TOL12S2min.221000.xyz...
	eucRMSD: 0.00028
	boxCntDimDiff: 2.625442 - 2.624758 = 0.000684
	2-sample Kolmogorov-Smirnov test statistic: 0.00131; p-value: 1.000000
	Kruskal-Wallis H-test statistic: 0.00012; p-value: 0.991412
	Mutual information : 0.883
Comparing CoPd40TOL12S2min.221000.xyz with CoPd40TOL12S2min.238000.xyz...
	eucRMSD: 0.00050
	boxCntDimDiff: 2.624758 - 2.625045 = 0.000287
	2-sample Kolmogorov-Smirnov test statistic: 0.00153; p-value: 1.000000
	Kruskal-Wallis H-test statistic: 0.00014; p-value: 0.990424
	Mutual information : 0.885
Comparing CoPd40TOL12S2min.238000.xyz with CoPd40TOL12S2min.255000.xyz...
	eucRMSD: 0.00048
	boxCntDimDiff: 2.625045 - 2.623780 = 0.001265
	2-sample Kolmogorov-Smirnov test statistic: 0.00126; p-value: 1.000000
	Kruskal-Wallis H-test statistic: 0.00224; p-value: 0.962283
	Mutual information : 0.894
Comparing CoPd40TOL12S2min.255000.xyz with CoPd40TOL12S2min.272000.xyz...
	eucRMSD: 0.00024
	boxCntDimDiff: 2.623780 - 2.625246 = 0.001466
	2-sample Kolmogorov-Smirnov test statistic: 0.00137; p-value: 1.000000
	Kruskal-Wallis H-test statistic: 0.00163; p-value: 0.967758
	Mutual information : 0.898
Comparing CoPd40TOL12S2min.272000.xyz with CoPd40TOL12S2min.289000.xyz...
	eucRMSD: 0.00059
	boxCntDimDiff: 2.625246 - 2.624106 = 0.001140
	2-sample Kolmogorov-Smirnov test statistic: 0.00115; p-value: 1.000000
	Kruskal-Wallis H-test statistic: 0.00077; p-value: 0.977812
	Mutual information : 0.897
Comparing CoPd40TOL12S2min.289000.xyz with CoPd40TOL12S2min.306000.xyz...
	eucRMSD: 0.00043
	boxCntDimDiff: 2.624106 - 2.623844 = 0.000262
	2-sample Kolmogorov-Smirnov test statistic: 0.00115; p-value: 1.000000
	Kruskal-Wallis H-test statistic: 0.00081; p-value: 0.977295
	Mutual information : 0.890
Comparing CoPd40TOL12S2min.306000.xyz with CoPd40TOL12S2min.323000.xyz...
	eucRMSD: 0.00084
	boxCntDimDiff: 2.623844 - 2.624426 = 0.000583
	2-sample Kolmogorov-Smirnov test statistic: 0.00131; p-value: 1.000000
	Kruskal-Wallis H-test statistic: 0.00270; p-value: 0.958580
	Mutual information : 0.892
Comparing CoPd40TOL12S2min.323000.xyz with CoPd40TOL12S2min.340000.xyz...
	eucRMSD: 0.00055
	boxCntDimDiff: 2.624426 - 2.624339 = 0.000088
	2-sample Kolmogorov-Smirnov test statistic: 0.00164; p-value: 1.000000
	Kruskal-Wallis H-test statistic: 0.00018; p-value: 0.989393
	Mutual information : 0.885
Comparing CoPd40TOL12S2min.340000.xyz with CoPd40TOL12S2min.357000.xyz...
	eucRMSD: 0.00035
	boxCntDimDiff: 2.624339 - 2.624811 = 0.000473
	2-sample Kolmogorov-Smirnov test statistic: 0.00159; p-value: 1.000000
	Kruskal-Wallis H-test statistic: 0.00006; p-value: 0.993893
	Mutual information : 0.882
Comparing CoPd40TOL12S2min.357000.xyz with CoPd40TOL12S2min.374000.xyz...
	eucRMSD: 0.00079
	boxCntDimDiff: 2.624811 - 2.624743 = 0.000069
	2-sample Kolmogorov-Smirnov test statistic: 0.00137; p-value: 1.000000
	Kruskal-Wallis H-test statistic: 0.00040; p-value: 0.984137
	Mutual information : 0.885
Comparing CoPd40TOL12S2min.374000.xyz with CoPd40TOL12S2min.391000.xyz...
	eucRMSD: 0.00102
	boxCntDimDiff: 2.624743 - 2.624735 = 0.000008
	2-sample Kolmogorov-Smirnov test statistic: 0.00131; p-value: 1.000000
	Kruskal-Wallis H-test statistic: 0.00000; p-value: 0.998497
	Mutual information : 0.884
Comparing CoPd40TOL12S2min.391000.xyz with CoPd40TOL12S2min.408000.xyz...
	eucRMSD: 0.00052
	boxCntDimDiff: 2.624735 - 2.623026 = 0.001708
	2-sample Kolmogorov-Smirnov test statistic: 0.00131; p-value: 1.000000
	Kruskal-Wallis H-test statistic: 0.00061; p-value: 0.980326
	Mutual information : 0.882
Comparing CoPd40TOL12S2min.408000.xyz with CoPd40TOL12S2min.425000.xyz...
	eucRMSD: 0.00030
	boxCntDimDiff: 2.623026 - 2.624917 = 0.001891
	2-sample Kolmogorov-Smirnov test statistic: 0.00159; p-value: 1.000000
	Kruskal-Wallis H-test statistic: 0.00185; p-value: 0.965723
	Mutual information : 0.891
Comparing CoPd40TOL12S2min.425000.xyz with CoPd40TOL12S2min.442000.xyz...
	eucRMSD: 0.00042
	boxCntDimDiff: 2.624917 - 2.624456 = 0.000461
	2-sample Kolmogorov-Smirnov test statistic: 0.00115; p-value: 1.000000
	Kruskal-Wallis H-test statistic: 0.00539; p-value: 0.941475
	Mutual information : 0.888
Comparing CoPd40TOL12S2min.442000.xyz with CoPd40TOL12S2min.459000.xyz...
	eucRMSD: 0.00008
	boxCntDimDiff: 2.624456 - 2.624568 = 0.000111
	2-sample Kolmogorov-Smirnov test statistic: 0.00137; p-value: 1.000000
	Kruskal-Wallis H-test statistic: 0.00337; p-value: 0.953703
	Mutual information : 0.883
Comparing CoPd40TOL12S2min.459000.xyz with CoPd40TOL12S2min.476000.xyz...
	eucRMSD: 0.00033
	boxCntDimDiff: 2.624568 - 2.624869 = 0.000301
	2-sample Kolmogorov-Smirnov test statistic: 0.00137; p-value: 1.000000
	Kruskal-Wallis H-test statistic: 0.00555; p-value: 0.940607
	Mutual information : 0.879
Comparing CoPd40TOL12S2min.476000.xyz with CoPd40TOL12S2min.493000.xyz...
	eucRMSD: 0.00052
	boxCntDimDiff: 2.624869 - 2.625232 = 0.000363
	2-sample Kolmogorov-Smirnov test statistic: 0.00159; p-value: 1.000000
	Kruskal-Wallis H-test statistic: 0.00695; p-value: 0.933572
	Mutual information : 0.892
Comparing CoPd40TOL12S2min.493000.xyz with CoPd40TOL12S2min.510000.xyz...
