Comparing PtCo80THL10S2min.0.xyz with PtCo80THL10S2min.20000.xyz...
	eucRMSD: 0.03661
	boxCntDimDiff: 2.901571 - 2.899216 = 0.002356
	2-sample Kolmogorov-Smirnov test statistic: 0.00194; p-value: 1.000000
	Kruskal-Wallis H-test statistic: 0.00004; p-value: 0.995184
	Mutual information : 1.186
Comparing PtCo80THL10S2min.20000.xyz with PtCo80THL10S2min.40000.xyz...
	eucRMSD: 0.02809
	boxCntDimDiff: 2.899216 - 2.890501 = 0.008715
	2-sample Kolmogorov-Smirnov test statistic: 0.00646; p-value: 0.585898
	Kruskal-Wallis H-test statistic: 0.43456; p-value: 0.509759
	Mutual information : 1.066
Comparing PtCo80THL10S2min.40000.xyz with PtCo80THL10S2min.60000.xyz...
	eucRMSD: 0.02842
	boxCntDimDiff: 2.890501 - 2.892633 = 0.002132
	2-sample Kolmogorov-Smirnov test statistic: 0.00280; p-value: 0.999867
	Kruskal-Wallis H-test statistic: 0.00955; p-value: 0.922145
	Mutual information : 1.148
Comparing PtCo80THL10S2min.60000.xyz with PtCo80THL10S2min.80000.xyz...
	eucRMSD: 0.09041
	boxCntDimDiff: 2.892633 - 2.874298 = 0.018335
	2-sample Kolmogorov-Smirnov test statistic: 0.01542; p-value: 0.002181
	Kruskal-Wallis H-test statistic: 1.68709; p-value: 0.193985
	Mutual information : 0.919
Comparing PtCo80THL10S2min.80000.xyz with PtCo80THL10S2min.100000.xyz...
	eucRMSD: 0.10534
	boxCntDimDiff: 2.874298 - 2.889365 = 0.015067
	2-sample Kolmogorov-Smirnov test statistic: 0.01659; p-value: 0.000736
	Kruskal-Wallis H-test statistic: 1.98996; p-value: 0.158345
	Mutual information : 0.924
Comparing PtCo80THL10S2min.100000.xyz with PtCo80THL10S2min.120000.xyz...
	eucRMSD: 0.10223
	boxCntDimDiff: 2.889365 - 2.879119 = 0.010246
	2-sample Kolmogorov-Smirnov test statistic: 0.01600; p-value: 0.001251
	Kruskal-Wallis H-test statistic: 1.92348; p-value: 0.165474
	Mutual information : 0.931
Comparing PtCo80THL10S2min.120000.xyz with PtCo80THL10S2min.140000.xyz...
